>>> make pytest
  ‚óè Executing pytest in encommon..
============================= test session starts ==============================
platform linux -- Python 3.12.10, pytest-8.4.0, pluggy-1.6.0 -- /home/runner/work/encommon/encommon/main/.venv-package/bin/python3
cachedir: .pytest_cache
metadata: {'Python': '3.12.10', 'Platform': 'Linux-6.11.0-1014-azure-x86_64-with-glibc2.39', 'Packages': {'pytest': '8.4.0', 'pluggy': '1.6.0'}, 'Plugins': {'sphinx': '0.6.3', 'clarity': '1.0.1', 'xdist': '3.7.0', 'variables': '3.1.0', 'base-url': '2.1.0', 'metadata': '3.1.1', 'mypy': '1.0.1', 'html': '4.1.1', 'cov': '6.1.1', 'randomly': '3.16.0', 'selenium': '4.1.0'}, 'CI': 'true', 'JAVA_HOME': '/usr/lib/jvm/temurin-17-jdk-amd64', 'Base URL': '', 'Driver': None, 'Capabilities': {}}
Using --randomly-seed=213333603
sensitiveurl: .*
rootdir: /home/runner/work/encommon/encommon/main
configfile: pyproject.toml
plugins: sphinx-0.6.3, clarity-1.0.1, xdist-3.7.0, variables-3.1.0, base-url-2.1.0, metadata-3.1.1, mypy-1.0.1, html-4.1.1, cov-6.1.1, randomly-3.16.0, selenium-4.1.0
created: 4/4 workers
4 workers [398 items]

scheduling tests via LoadScheduling

encommon/times/test/test_duration.py::test_Duration_iterate 
encommon/parse/test/test_network.py::test_Network_ipv6 
encommon/crypts/test/test_crypts.py::test_Crypts_iterate[foo-default] 
encommon/times/test/test_parse.py::test_shift_time[+1y@s+1h-expect4] 
[gw0] [  0%] PASSED encommon/times/test/test_duration.py::test_Duration_iterate 
encommon/times/test/test_duration.py::test_Duration_cover 
[gw3] [  0%] PASSED encommon/times/test/test_parse.py::test_shift_time[+1y@s+1h-expect4] 
[gw1] [  0%] PASSED encommon/parse/test/test_network.py::test_Network_ipv6 
[gw0] [  1%] PASSED encommon/times/test/test_duration.py::test_Duration_cover 
encommon/times/test/test_duration.py::test_Duration 
[gw2] [  1%] PASSED encommon/crypts/test/test_crypts.py::test_Crypts_iterate[foo-default] 
encommon/times/test/test_parse.py::test_shift_time[+1y@s-expect2] 
[gw0] [  1%] PASSED encommon/times/test/test_duration.py::test_Duration 
encommon/crypts/test/test_crypts.py::test_Crypts 
[gw3] [  1%] PASSED encommon/times/test/test_parse.py::test_shift_time[+1y@s-expect2] 
encommon/webkit/test/test_content.py::test_Content 
encommon/times/test/test_parse.py::test_shift_time[-1w@h-1w-expect17] 
encommon/times/test/test_params.py::test_WindowParams 
[gw0] [  2%] PASSED encommon/webkit/test/test_content.py::test_Content 
[gw2] [  2%] PASSED encommon/crypts/test/test_crypts.py::test_Crypts 
encommon/crypts/test/test_crypts.py::test_Crypts_cover 
[gw3] [  2%] PASSED encommon/times/test/test_parse.py::test_shift_time[-1w@h-1w-expect17] 
encommon/webkit/test/test_content.py::test_Content_cover 
encommon/times/test/test_parse.py::test_shift_time[+1mon@m+1mon-expect10] 
[gw0] [  2%] PASSED encommon/webkit/test/test_content.py::test_Content_cover 
encommon/times/test/test_time.py::test_Time 
[gw2] [  3%] PASSED encommon/crypts/test/test_crypts.py::test_Crypts_cover 
encommon/crypts/test/test_crypts.py::test_Crypts_raises 
[gw3] [  3%] PASSED encommon/times/test/test_parse.py::test_shift_time[+1mon@m+1mon-expect10] 
encommon/times/test/test_parse.py::test_shift_time[-1mon@m-1mon-expect11] 
[gw2] [  3%] PASSED encommon/crypts/test/test_crypts.py::test_Crypts_raises 
encommon/times/test/test_parse.py::test_shift_time[-1mon-expect7] 
[gw3] [  3%] PASSED encommon/times/test/test_parse.py::test_shift_time[-1mon@m-1mon-expect11] 
encommon/times/test/test_parse.py::test_shift_time[+1mon-expect6] 
[gw3] [  4%] PASSED encommon/times/test/test_parse.py::test_shift_time[+1mon-expect6] 
[gw2] [  4%] PASSED encommon/times/test/test_parse.py::test_shift_time[-1mon-expect7] 
encommon/times/test/test_parse.py::test_shift_time[+1d-expect18] 
encommon/times/test/test_parse.py::test_shift_time[-1d@d-30d-expect23] 
[gw3] [  4%] PASSED encommon/times/test/test_parse.py::test_shift_time[+1d-expect18] 
encommon/crypts/test/test_hashes.py::test_Hashes 
[gw2] [  4%] PASSED encommon/times/test/test_parse.py::test_shift_time[-1d@d-30d-expect23] 
encommon/times/test/test_parse.py::test_shift_time[+1d@d+30d-expect22] 
[gw1] [  5%] PASSED encommon/times/test/test_params.py::test_WindowParams 
[gw2] [  5%] PASSED encommon/times/test/test_parse.py::test_shift_time[+1d@d+30d-expect22] 
[gw3] [  5%] PASSED encommon/crypts/test/test_hashes.py::test_Hashes 
encommon/times/test/test_params.py::test_TimerParams 
encommon/times/test/test_parse.py::test_string_time 
encommon/webkit/test/test_helpers.py::test_helpers_loads 
[gw1] [  5%] PASSED encommon/times/test/test_params.py::test_TimerParams 
encommon/times/test/test_timers.py::test_Timers_cover 
[gw2] [  6%] PASSED encommon/times/test/test_parse.py::test_string_time 
encommon/times/test/test_parse.py::test_parse_time 
[gw2] [  6%] PASSED encommon/times/test/test_parse.py::test_parse_time 
encommon/times/test/test_parse.py::test_shift_time[+1w@h+1w-expect16] 
[gw2] [  6%] PASSED encommon/times/test/test_parse.py::test_shift_time[+1w@h+1w-expect16] 
encommon/times/test/test_parse.py::test_shift_time[-1y-expect1] 
[gw2] [  6%] PASSED encommon/times/test/test_parse.py::test_shift_time[-1y-expect1] 
encommon/times/test/test_parse.py::test_since_time 
[gw2] [  7%] PASSED encommon/times/test/test_parse.py::test_since_time 
encommon/times/test/test_parse.py::test_shift_time[-1d-expect19] 
[gw2] [  7%] PASSED encommon/times/test/test_parse.py::test_shift_time[-1d-expect19] 
encommon/times/test/test_parse.py::test_shift_time[+1w-expect12] 
[gw2] [  7%] PASSED encommon/times/test/test_parse.py::test_shift_time[+1w-expect12] 
encommon/times/test/test_parse.py::test_shift_time[-1d@d-expect21] 
[gw2] [  7%] PASSED encommon/times/test/test_parse.py::test_shift_time[-1d@d-expect21] 
encommon/times/test/test_parse.py::test_shift_time[-1w@h-expect15] 
[gw2] [  8%] PASSED encommon/times/test/test_parse.py::test_shift_time[-1w@h-expect15] 
encommon/times/test/test_parse.py::test_shift_time[+1w@h-expect14] 
[gw2] [  8%] PASSED encommon/times/test/test_parse.py::test_shift_time[+1w@h-expect14] 
encommon/times/test/test_parse.py::test_shift_time[+1mon@m-expect8] 
[gw2] [  8%] PASSED encommon/times/test/test_parse.py::test_shift_time[+1mon@m-expect8] 
encommon/times/test/test_parse.py::test_shift_time[+1d@d-expect20] 
[gw2] [  8%] PASSED encommon/times/test/test_parse.py::test_shift_time[+1d@d-expect20] 
encommon/times/test/test_parse.py::test_shift_time[-1y@s-expect3] 
[gw2] [  9%] PASSED encommon/times/test/test_parse.py::test_shift_time[-1y@s-expect3] 
encommon/times/test/test_parse.py::test_shift_time[-1mon@m-expect9] 
[gw2] [  9%] PASSED encommon/times/test/test_parse.py::test_shift_time[-1mon@m-expect9] 
encommon/times/test/test_parse.py::test_shift_time[+1y-expect0] 
[gw2] [  9%] PASSED encommon/times/test/test_parse.py::test_shift_time[+1y-expect0] 
encommon/times/test/test_parse.py::test_shift_time[-1y@s-1h-expect5] 
[gw2] [  9%] PASSED encommon/times/test/test_parse.py::test_shift_time[-1y@s-1h-expect5] 
encommon/times/test/test_parse.py::test_shift_time[-1w-expect13] 
[gw2] [ 10%] PASSED encommon/times/test/test_parse.py::test_shift_time[-1w-expect13] 
encommon/times/test/test_window.py::test_window_croniter[* * * * *-0-False-expect0] 
[gw2] [ 10%] PASSED encommon/times/test/test_window.py::test_window_croniter[* * * * *-0-False-expect0] 
encommon/times/test/test_window.py::test_window_interval[window8-3559-False-expect8] 
[gw2] [ 10%] PASSED encommon/times/test/test_window.py::test_window_interval[window8-3559-False-expect8] 
encommon/times/test/test_window.py::test_window_interval[window3-1-True-expect3] 
[gw2] [ 10%] PASSED encommon/times/test/test_window.py::test_window_interval[window3-1-True-expect3] 
encommon/times/test/test_window.py::test_window_croniter[0 * * * *-3559-False-expect8] 
[gw2] [ 11%] PASSED encommon/times/test/test_window.py::test_window_croniter[0 * * * *-3559-False-expect8] 
encommon/times/test/test_timer.py::test_Timer 
[gw0] [ 11%] PASSED encommon/times/test/test_time.py::test_Time 
encommon/times/test/test_time.py::test_Time_tzname 
[gw0] [ 11%] PASSED encommon/times/test/test_time.py::test_Time_tzname 
encommon/webkit/test/test_message.py::test_message 
[gw1] [ 11%] PASSED encommon/times/test/test_timers.py::test_Timers_cover 
encommon/times/test/test_timers.py::test_Timers 
[gw2] [ 12%] PASSED encommon/times/test/test_timer.py::test_Timer 
encommon/webkit/test/test_duration.py::test_duration 
[gw1] [ 12%] PASSED encommon/times/test/test_timers.py::test_Timers 
encommon/times/test/test_timers.py::test_Timers_raises 
[gw1] [ 12%] PASSED encommon/times/test/test_timers.py::test_Timers_raises 
encommon/utils/test/test_paths.py::test_resolve_path 
[gw1] [ 12%] PASSED encommon/utils/test/test_paths.py::test_resolve_path 
encommon/utils/test/test_paths.py::test_stats_path 
[gw1] [ 13%] PASSED encommon/utils/test/test_paths.py::test_stats_path 
encommon/utils/test/test_paths.py::test_resolve_paths 
[gw1] [ 13%] PASSED encommon/utils/test/test_paths.py::test_resolve_paths 
encommon/config/test/test_files.py::test_ConfigFile 
[gw1] [ 13%] PASSED encommon/config/test/test_files.py::test_ConfigFile 
encommon/config/test/test_files.py::test_ConfigFiles_cover 
[gw1] [ 13%] PASSED encommon/config/test/test_files.py::test_ConfigFiles_cover 
encommon/config/test/test_files.py::test_ConfigFiles 
[gw1] [ 14%] PASSED encommon/config/test/test_files.py::test_ConfigFiles 
encommon/types/test/test_funcs.py::test_funcname 
[gw1] [ 14%] PASSED encommon/types/test/test_funcs.py::test_funcname 
encommon/times/test/test_windows.py::test_Windows_cover 
[gw1] [ 14%] PASSED encommon/times/test/test_windows.py::test_Windows_cover 
encommon/times/test/test_windows.py::test_Windows_raises 
[gw1] [ 14%] PASSED encommon/times/test/test_windows.py::test_Windows_raises 
encommon/times/test/test_windows.py::test_Windows 
[gw1] [ 15%] PASSED encommon/times/test/test_windows.py::test_Windows 
encommon/utils/test/test_sample.py::test_load_sample 
[gw1] [ 15%] PASSED encommon/utils/test/test_sample.py::test_load_sample 
encommon/utils/test/test_sample.py::test_prep_sample 
[gw1] [ 15%] PASSED encommon/utils/test/test_sample.py::test_prep_sample 
encommon/utils/test/test_sample.py::test_read_sample 
[gw1] [ 15%] PASSED encommon/utils/test/test_sample.py::test_read_sample 
encommon/utils/test/test_sample.py::test_rvrt_sample 
[gw1] [ 16%] PASSED encommon/utils/test/test_sample.py::test_rvrt_sample 
encommon/config/test/test_logger.py::test_Message 
[gw1] [ 16%] PASSED encommon/config/test/test_logger.py::test_Message 
encommon/config/test/test_logger.py::test_Logger 
[gw1] [ 16%] PASSED encommon/config/test/test_logger.py::test_Logger 
encommon/config/test/test_logger.py::test_Logger_cover 
[gw1] [ 16%] PASSED encommon/config/test/test_logger.py::test_Logger_cover 
encommon/crypts/test/test_crypts.py::test_Crypts_iterate[foo-secrets] 
[gw1] [ 17%] PASSED encommon/crypts/test/test_crypts.py::test_Crypts_iterate[foo-secrets] 
encommon/colors/test/test_color.py::test_Color_rgb[00ffff-expect8] 
[gw1] [ 17%] PASSED encommon/colors/test/test_color.py::test_Color_rgb[00ffff-expect8] 
encommon/colors/test/test_color.py::test_Color_hsl[808080-expect6] 
[gw1] [ 17%] PASSED encommon/colors/test/test_color.py::test_Color_hsl[808080-expect6] 
encommon/colors/test/test_color.py::test_Color_hsl[ffffff-expect1] 
[gw1] [ 17%] PASSED encommon/colors/test/test_color.py::test_Color_hsl[ffffff-expect1] 
encommon/colors/test/test_color.py::test_Color_xyz[ffffff-expect1] 
[gw1] [ 18%] PASSED encommon/colors/test/test_color.py::test_Color_xyz[ffffff-expect1] 
encommon/colors/test/test_color.py::test_Color_xyz[808080-expect6] 
[gw1] [ 18%] PASSED encommon/colors/test/test_color.py::test_Color_xyz[808080-expect6] 
encommon/colors/test/test_color.py::test_Color_xyz[00ffff-expect8] 
[gw1] [ 18%] PASSED encommon/colors/test/test_color.py::test_Color_xyz[00ffff-expect8] 
encommon/colors/test/test_color.py::test_Color_hsl[80007F-expect10] 
[gw1] [ 18%] PASSED encommon/colors/test/test_color.py::test_Color_hsl[80007F-expect10] 
encommon/colors/test/test_color.py::test_Color_xyz[00ff00-expect4] 
[gw1] [ 19%] PASSED encommon/colors/test/test_color.py::test_Color_xyz[00ff00-expect4] 
encommon/colors/test/test_color.py::test_Color_xyz[ff00cc-expect0] 
[gw1] [ 19%] PASSED encommon/colors/test/test_color.py::test_Color_xyz[ff00cc-expect0] 
encommon/colors/test/test_color.py::test_Color_xy[000000-expect2] 
[gw1] [ 19%] PASSED encommon/colors/test/test_color.py::test_Color_xy[000000-expect2] 
encommon/colors/test/test_color.py::test_Color_rgb[00ff00-expect4] 
[gw1] [ 19%] PASSED encommon/colors/test/test_color.py::test_Color_rgb[00ff00-expect4] 
encommon/colors/test/test_color.py::test_Color_xyz[000000-expect2] 
[gw1] [ 20%] PASSED encommon/colors/test/test_color.py::test_Color_xyz[000000-expect2] 
encommon/colors/test/test_color.py::test_Color_xy[0000ff-expect5] 
[gw1] [ 20%] PASSED encommon/colors/test/test_color.py::test_Color_xy[0000ff-expect5] 
encommon/colors/test/test_color.py::test_Color_rgb[0000ff-expect5] 
[gw1] [ 20%] PASSED encommon/colors/test/test_color.py::test_Color_rgb[0000ff-expect5] 
encommon/colors/test/test_color.py::test_Color_hsl[ffff00-expect7] 
[gw1] [ 20%] PASSED encommon/colors/test/test_color.py::test_Color_hsl[ffff00-expect7] 
encommon/colors/test/test_color.py::test_Color 
[gw1] [ 21%] PASSED encommon/colors/test/test_color.py::test_Color 
encommon/colors/test/test_color.py::test_Color_rgb[ff00ff-expect9] 
[gw1] [ 21%] PASSED encommon/colors/test/test_color.py::test_Color_rgb[ff00ff-expect9] 
encommon/colors/test/test_color.py::test_Color_hsl[ff00cc-expect0] 
[gw1] [ 21%] PASSED encommon/colors/test/test_color.py::test_Color_hsl[ff00cc-expect0] 
encommon/colors/test/test_color.py::test_Color_hsl[000000-expect2] 
[gw1] [ 21%] PASSED encommon/colors/test/test_color.py::test_Color_hsl[000000-expect2] 
encommon/colors/test/test_color.py::test_Color_rgb[808080-expect6] 
[gw1] [ 22%] PASSED encommon/colors/test/test_color.py::test_Color_rgb[808080-expect6] 
encommon/colors/test/test_color.py::test_Color_xy[ff0000-expect3] 
[gw1] [ 22%] PASSED encommon/colors/test/test_color.py::test_Color_xy[ff0000-expect3] 
encommon/colors/test/test_color.py::test_Color_rgb[ffff00-expect7] 
[gw1] [ 22%] PASSED encommon/colors/test/test_color.py::test_Color_rgb[ffff00-expect7] 
encommon/colors/test/test_color.py::test_Color_hsl[00ffff-expect8] 
[gw1] [ 22%] PASSED encommon/colors/test/test_color.py::test_Color_hsl[00ffff-expect8] 
encommon/colors/test/test_color.py::test_Color_xy[ffff00-expect7] 
[gw1] [ 23%] PASSED encommon/colors/test/test_color.py::test_Color_xy[ffff00-expect7] 
encommon/colors/test/test_color.py::test_Color_hsl[00ff00-expect4] 
[gw1] [ 23%] PASSED encommon/colors/test/test_color.py::test_Color_hsl[00ff00-expect4] 
encommon/colors/test/test_color.py::test_Color_xy[808080-expect6] 
[gw1] [ 23%] PASSED encommon/colors/test/test_color.py::test_Color_xy[808080-expect6] 
encommon/colors/test/test_color.py::test_Color_xy[00ffff-expect8] 
[gw1] [ 23%] PASSED encommon/colors/test/test_color.py::test_Color_xy[00ffff-expect8] 
encommon/colors/test/test_color.py::test_Color_cover 
[gw1] [ 24%] PASSED encommon/colors/test/test_color.py::test_Color_cover 
encommon/config/test/test_paths.py::test_ConfigPath 
[gw1] [ 24%] PASSED encommon/config/test/test_paths.py::test_ConfigPath 
encommon/config/test/test_paths.py::test_ConfigPaths 
[gw1] [ 24%] PASSED encommon/config/test/test_paths.py::test_ConfigPaths 
encommon/config/test/test_paths.py::test_ConfigPaths_cover 
[gw1] [ 24%] PASSED encommon/config/test/test_paths.py::test_ConfigPaths_cover 
encommon/colors/color.py::mypy 
[gw1] [ 25%] PASSED encommon/colors/color.py::mypy 
encommon/colors/__init__.py::mypy 
[gw1] [ 25%] PASSED encommon/colors/__init__.py::mypy 
encommon/colors/color.py::encommon.colors.color.Color 
[gw1] [ 25%] PASSED encommon/colors/color.py::encommon.colors.color.Color 
encommon/colors/test/__init__.py::mypy 
[gw1] [ 25%] PASSED encommon/colors/test/__init__.py::mypy 
encommon/__init__.py::mypy-status 
[gw1] [ 26%] FAILED encommon/__init__.py::mypy-status 
encommon/__init__.py::mypy 
[gw1] [ 26%] PASSED encommon/__init__.py::mypy 
encommon/colors/test/test_color.py::mypy 
[gw1] [ 26%] PASSED encommon/colors/test/test_color.py::mypy 
encommon/config/logger.py::mypy 
[gw1] [ 26%] PASSED encommon/config/logger.py::mypy 
encommon/config/config.py::encommon.config.config.Config 
[gw1] [ 27%] PASSED encommon/config/config.py::encommon.config.config.Config 
encommon/config/config.py::mypy 
[gw1] [ 27%] PASSED encommon/config/config.py::mypy 
encommon/config/logger.py::encommon.config.logger.Message 
[gw1] [ 27%] PASSED encommon/config/logger.py::encommon.config.logger.Message 
encommon/config/logger.py::encommon.config.logger.Logger 
[gw1] [ 27%] PASSED encommon/config/logger.py::encommon.config.logger.Logger 
encommon/config/test/test_config.py::mypy 
[gw1] [ 28%] PASSED encommon/config/test/test_config.py::mypy 
encommon/config/paths.py::mypy 
[gw1] [ 28%] PASSED encommon/config/paths.py::mypy 
encommon/config/params.py::mypy 
[gw1] [ 28%] PASSED encommon/config/params.py::mypy 
encommon/config/__init__.py::mypy 
[gw1] [ 28%] PASSED encommon/config/__init__.py::mypy 
encommon/config/files.py::mypy 
[gw1] [ 29%] PASSED encommon/config/files.py::mypy 
encommon/config/test/__init__.py::mypy 
[gw1] [ 29%] PASSED encommon/config/test/__init__.py::mypy 
encommon/config/test/test_files.py::mypy 
[gw1] [ 29%] PASSED encommon/config/test/test_files.py::mypy 
encommon/config/test/test_logger.py::mypy 
[gw1] [ 29%] PASSED encommon/config/test/test_logger.py::mypy 
encommon/config/test/test_paths.py::mypy 
[gw1] [ 30%] PASSED encommon/config/test/test_paths.py::mypy 
encommon/config/test/test_utils.py::mypy 
[gw1] [ 30%] PASSED encommon/config/test/test_utils.py::mypy 
encommon/crypts/hashes.py::mypy 
[gw1] [ 30%] PASSED encommon/crypts/hashes.py::mypy 
encommon/crypts/params.py::mypy 
[gw1] [ 30%] PASSED encommon/crypts/params.py::mypy 
encommon/crypts/test/test_crypts.py::mypy 
[gw1] [ 31%] PASSED encommon/crypts/test/test_crypts.py::mypy 
encommon/config/utils.py::mypy 
[gw1] [ 31%] PASSED encommon/config/utils.py::mypy 
encommon/crypts/__init__.py::mypy 
[gw1] [ 31%] PASSED encommon/crypts/__init__.py::mypy 
encommon/crypts/test/__init__.py::mypy 
[gw1] [ 31%] PASSED encommon/crypts/test/__init__.py::mypy 
encommon/crypts/crypts.py::mypy 
[gw1] [ 32%] PASSED encommon/crypts/crypts.py::mypy 
encommon/conftest.py::mypy 
[gw1] [ 32%] PASSED encommon/conftest.py::mypy 
encommon/crypts/hashes.py::encommon.crypts.hashes.Hashes 
[gw1] [ 32%] PASSED encommon/crypts/hashes.py::encommon.crypts.hashes.Hashes 
encommon/crypts/crypts.py::encommon.crypts.crypts.Crypts 
[gw1] [ 32%] PASSED encommon/crypts/crypts.py::encommon.crypts.crypts.Crypts 
encommon/crypts/test/test_hashes.py::mypy 
[gw1] [ 33%] PASSED encommon/crypts/test/test_hashes.py::mypy 
encommon/parse/network.py::mypy 
[gw1] [ 33%] PASSED encommon/parse/network.py::mypy 
encommon/parse/jinja2.py::mypy 
[gw1] [ 33%] PASSED encommon/parse/jinja2.py::mypy 
encommon/parse/__init__.py::mypy 
[gw1] [ 33%] PASSED encommon/parse/__init__.py::mypy 
encommon/parse/test/test_jinja2.py::mypy 
[gw1] [ 34%] PASSED encommon/parse/test/test_jinja2.py::mypy 
encommon/parse/test/__init__.py::mypy 
[gw1] [ 34%] PASSED encommon/parse/test/__init__.py::mypy 
encommon/parse/jinja2.py::encommon.parse.jinja2.Jinja2 
[gw1] [ 34%] PASSED encommon/parse/jinja2.py::encommon.parse.jinja2.Jinja2 
encommon/parse/test/test_network.py::mypy 
[gw1] [ 34%] PASSED encommon/parse/test/test_network.py::mypy 
encommon/times/test/test_duration.py::mypy 
[gw1] [ 35%] PASSED encommon/times/test/test_duration.py::mypy 
encommon/times/parse.py::encommon.times.parse.since_time 
[gw1] [ 35%] PASSED encommon/times/parse.py::encommon.times.parse.since_time 
encommon/times/duration.py::mypy 
[gw1] [ 35%] PASSED encommon/times/duration.py::mypy 
encommon/times/parse.py::encommon.times.parse.shift_time 
[gw1] [ 35%] PASSED encommon/times/parse.py::encommon.times.parse.shift_time 
encommon/times/parse.py::encommon.times.parse.parse_time 
[gw1] [ 36%] PASSED encommon/times/parse.py::encommon.times.parse.parse_time 
encommon/times/common.py::mypy 
[gw1] [ 36%] PASSED encommon/times/common.py::mypy 
encommon/times/parse.py::encommon.times.parse.string_time 
[gw1] [ 36%] PASSED encommon/times/parse.py::encommon.times.parse.string_time 
encommon/times/duration.py::encommon.times.duration.Duration 
[gw1] [ 36%] PASSED encommon/times/duration.py::encommon.times.duration.Duration 
encommon/times/params.py::mypy 
[gw1] [ 37%] PASSED encommon/times/params.py::mypy 
encommon/times/__init__.py::mypy 
[gw1] [ 37%] PASSED encommon/times/__init__.py::mypy 
encommon/times/parse.py::mypy 
[gw1] [ 37%] PASSED encommon/times/parse.py::mypy 
encommon/times/test/__init__.py::mypy 
[gw1] [ 37%] PASSED encommon/times/test/__init__.py::mypy 
encommon/times/test/test_params.py::mypy 
[gw1] [ 38%] PASSED encommon/times/test/test_params.py::mypy 
encommon/times/test/test_parse.py::mypy 
[gw1] [ 38%] PASSED encommon/times/test/test_parse.py::mypy 
encommon/times/test/test_time.py::mypy 
[gw1] [ 38%] PASSED encommon/times/test/test_time.py::mypy 
encommon/times/test/test_timer.py::mypy 
[gw1] [ 38%] PASSED encommon/times/test/test_timer.py::mypy 
encommon/times/test/test_timers.py::mypy 
[gw1] [ 39%] PASSED encommon/times/test/test_timers.py::mypy 
encommon/times/test/test_unitime.py::mypy 
[gw1] [ 39%] PASSED encommon/times/test/test_unitime.py::mypy 
encommon/times/test/test_utils.py::mypy 
[gw1] [ 39%] PASSED encommon/times/test/test_utils.py::mypy 
encommon/times/test/test_window.py::mypy 
[gw1] [ 39%] PASSED encommon/times/test/test_window.py::mypy 
encommon/times/test/test_windows.py::mypy 
[gw1] [ 40%] PASSED encommon/times/test/test_windows.py::mypy 
encommon/types/strings.py::encommon.types.strings.inrepr 
[gw1] [ 40%] PASSED encommon/types/strings.py::encommon.types.strings.inrepr 
encommon/times/window.py::encommon.times.window.Window 
[gw1] [ 40%] PASSED encommon/times/window.py::encommon.times.window.Window 
encommon/times/timer.py::encommon.times.timer.Timer 
[gw1] [ 40%] PASSED encommon/times/timer.py::encommon.times.timer.Timer 
encommon/times/time.py::mypy 
[gw1] [ 41%] PASSED encommon/times/time.py::mypy 
encommon/types/notate.py::mypy 
[gw1] [ 41%] PASSED encommon/types/notate.py::mypy 
encommon/types/__init__.py::mypy 
[gw1] [ 41%] PASSED encommon/types/__init__.py::mypy 
encommon/types/notate.py::encommon.types.notate.impate 
[gw1] [ 41%] PASSED encommon/types/notate.py::encommon.types.notate.impate 
encommon/types/lists.py::encommon.types.lists.dedup_list 
[gw1] [ 42%] PASSED encommon/types/lists.py::encommon.types.lists.dedup_list 
encommon/types/strings.py::mypy 
[gw1] [ 42%] PASSED encommon/types/strings.py::mypy 
encommon/types/lists.py::mypy 
[gw1] [ 42%] PASSED encommon/types/lists.py::mypy 
encommon/types/test/__init__.py::mypy 
[gw1] [ 42%] PASSED encommon/types/test/__init__.py::mypy 
encommon/types/lists.py::encommon.types.lists.inlist 
[gw1] [ 43%] PASSED encommon/types/lists.py::encommon.types.lists.inlist 
encommon/types/notate.py::encommon.types.notate.expate 
[gw1] [ 43%] PASSED encommon/types/notate.py::encommon.types.notate.expate 
encommon/types/strings.py::encommon.types.strings.hasstr 
[gw1] [ 43%] PASSED encommon/types/strings.py::encommon.types.strings.hasstr 
encommon/types/lists.py::encommon.types.lists.fuzzy_list 
[gw1] [ 43%] PASSED encommon/types/lists.py::encommon.types.lists.fuzzy_list 
encommon/times/windows.py::mypy 
[gw1] [ 44%] PASSED encommon/times/windows.py::mypy 
encommon/times/timer.py::mypy 
[gw1] [ 44%] PASSED encommon/times/timer.py::mypy 
encommon/times/utils.py::encommon.times.utils.strptime 
[gw1] [ 44%] PASSED encommon/times/utils.py::encommon.times.utils.strptime 
encommon/types/test/test_classes.py::mypy 
[gw1] [ 44%] PASSED encommon/types/test/test_classes.py::mypy 
encommon/times/window.py::mypy 
[gw1] [ 45%] PASSED encommon/times/window.py::mypy 
encommon/types/notate.py::encommon.types.notate.setate 
[gw1] [ 45%] PASSED encommon/types/notate.py::encommon.types.notate.setate 
encommon/types/funcs.py::mypy 
[gw1] [ 45%] PASSED encommon/types/funcs.py::mypy 
encommon/types/dicts.py::encommon.types.dicts.merge_dicts 
[gw1] [ 45%] PASSED encommon/types/dicts.py::encommon.types.dicts.merge_dicts 
encommon/times/unitime.py::encommon.times.unitime.unitime 
[gw1] [ 46%] PASSED encommon/times/unitime.py::encommon.times.unitime.unitime 
encommon/times/timers.py::encommon.times.timers.Timers 
[gw1] [ 46%] PASSED encommon/times/timers.py::encommon.times.timers.Timers 
encommon/times/time.py::encommon.times.time.Time 
[gw1] [ 46%] PASSED encommon/times/time.py::encommon.times.time.Time 
encommon/times/utils.py::mypy 
[gw1] [ 46%] PASSED encommon/times/utils.py::mypy 
encommon/times/windows.py::encommon.times.windows.Windows 
[gw1] [ 47%] PASSED encommon/times/windows.py::encommon.times.windows.Windows 
encommon/types/strings.py::encommon.types.strings.instr 
[gw1] [ 47%] PASSED encommon/types/strings.py::encommon.types.strings.instr 
encommon/types/dicts.py::mypy 
[gw1] [ 47%] PASSED encommon/types/dicts.py::mypy 
encommon/types/empty.py::encommon.types.empty.EmptyType 
[gw1] [ 47%] PASSED encommon/types/empty.py::encommon.types.empty.EmptyType 
encommon/types/empty.py::mypy 
[gw1] [ 48%] PASSED encommon/types/empty.py::mypy 
encommon/types/dicts.py::encommon.types.dicts.sort_dict 
[gw1] [ 48%] PASSED encommon/types/dicts.py::encommon.types.dicts.sort_dict 
encommon/types/strings.py::encommon.types.strings.rplstr 
[gw1] [ 48%] PASSED encommon/types/strings.py::encommon.types.strings.rplstr 
encommon/types/notate.py::encommon.types.notate.getate 
[gw1] [ 48%] PASSED encommon/types/notate.py::encommon.types.notate.getate 
encommon/times/utils.py::encommon.times.utils.findtz 
[gw1] [ 49%] PASSED encommon/times/utils.py::encommon.times.utils.findtz 
encommon/types/notate.py::encommon.types.notate.delate 
[gw1] [ 49%] PASSED encommon/types/notate.py::encommon.types.notate.delate 
encommon/times/timers.py::mypy 
[gw1] [ 49%] PASSED encommon/times/timers.py::mypy 
encommon/times/unitime.py::mypy 
[gw1] [ 50%] PASSED encommon/times/unitime.py::mypy 
encommon/types/classes.py::mypy 
[gw1] [ 50%] PASSED encommon/types/classes.py::mypy 
encommon/times/utils.py::encommon.times.utils.strftime 
[gw1] [ 50%] PASSED encommon/times/utils.py::encommon.times.utils.strftime 
encommon/types/strings.py::encommon.types.strings.strplwr 
[gw1] [ 50%] PASSED encommon/types/strings.py::encommon.types.strings.strplwr 
encommon/times/utils.py::encommon.times.utils.utcdatetime 
[gw1] [ 51%] PASSED encommon/times/utils.py::encommon.times.utils.utcdatetime 
encommon/types/test/test_dicts.py::mypy 
[gw1] [ 51%] PASSED encommon/types/test/test_dicts.py::mypy 
encommon/types/test/test_empty.py::mypy 
[gw1] [ 51%] PASSED encommon/types/test/test_empty.py::mypy 
encommon/types/test/test_funcs.py::mypy 
[gw1] [ 51%] PASSED encommon/types/test/test_funcs.py::mypy 
encommon/types/test/test_lists.py::mypy 
[gw1] [ 52%] PASSED encommon/types/test/test_lists.py::mypy 
encommon/types/test/test_notate.py::mypy 
[gw1] [ 52%] FAILED encommon/types/test/test_notate.py::mypy 
encommon/types/test/test_strings.py::mypy 
[gw1] [ 52%] PASSED encommon/types/test/test_strings.py::mypy 
encommon/utils/match.py::encommon.utils.match.fuzz_match 
[gw1] [ 52%] PASSED encommon/utils/match.py::encommon.utils.match.fuzz_match 
encommon/utils/stdout.py::encommon.utils.stdout.strip_ansi 
[gw1] [ 53%] PASSED encommon/utils/stdout.py::encommon.utils.stdout.strip_ansi 
encommon/utils/paths.py::encommon.utils.paths.resolve_path 
[gw1] [ 53%] PASSED encommon/utils/paths.py::encommon.utils.paths.resolve_path 
encommon/utils/match.py::encommon.utils.match.rgxp_match 
[gw1] [ 53%] PASSED encommon/utils/match.py::encommon.utils.match.rgxp_match 
encommon/utils/sample.py::mypy 
[gw1] [ 53%] PASSED encommon/utils/sample.py::mypy 
encommon/utils/__init__.py::mypy 
[gw1] [ 54%] PASSED encommon/utils/__init__.py::mypy 
encommon/utils/stdout.py::encommon.utils.stdout.print_ansi 
[gw1] [ 54%] PASSED encommon/utils/stdout.py::encommon.utils.stdout.print_ansi 
encommon/utils/stdout.py::mypy 
[gw1] [ 54%] PASSED encommon/utils/stdout.py::mypy 
encommon/utils/paths.py::encommon.utils.paths.stats_path 
[gw1] [ 54%] PASSED encommon/utils/paths.py::encommon.utils.paths.stats_path 
encommon/utils/sample.py::encommon.utils.sample.load_sample 
[gw1] [ 55%] PASSED encommon/utils/sample.py::encommon.utils.sample.load_sample 
encommon/utils/paths.py::mypy 
[gw1] [ 55%] PASSED encommon/utils/paths.py::mypy 
encommon/utils/files.py::encommon.utils.files.read_text 
[gw1] [ 55%] PASSED encommon/utils/files.py::encommon.utils.files.read_text 
encommon/utils/test/__init__.py::mypy 
[gw1] [ 55%] PASSED encommon/utils/test/__init__.py::mypy 
encommon/utils/paths.py::encommon.utils.paths.resolve_paths 
[gw1] [ 56%] PASSED encommon/utils/paths.py::encommon.utils.paths.resolve_paths 
encommon/utils/common.py::mypy 
[gw1] [ 56%] PASSED encommon/utils/common.py::mypy 
encommon/utils/match.py::mypy 
[gw1] [ 56%] PASSED encommon/utils/match.py::mypy 
encommon/utils/sample.py::encommon.utils.sample.prep_sample 
[gw1] [ 56%] PASSED encommon/utils/sample.py::encommon.utils.sample.prep_sample 
encommon/utils/stdout.py::encommon.utils.stdout.array_ansi 
[gw1] [ 57%] PASSED encommon/utils/stdout.py::encommon.utils.stdout.array_ansi 
encommon/types/types.py::mypy 
[gw1] [ 57%] PASSED encommon/types/types.py::mypy 
encommon/utils/files.py::encommon.utils.files.save_text 
[gw1] [ 57%] PASSED encommon/utils/files.py::encommon.utils.files.save_text 
encommon/utils/files.py::mypy 
[gw1] [ 57%] PASSED encommon/utils/files.py::mypy 
encommon/utils/test/test_files.py::mypy 
[gw1] [ 58%] PASSED encommon/utils/test/test_files.py::mypy 
encommon/utils/files.py::encommon.utils.files.append_text 
[gw1] [ 58%] PASSED encommon/utils/files.py::encommon.utils.files.append_text 
encommon/utils/stdout.py::encommon.utils.stdout.kvpair_ansi 
[gw1] [ 58%] PASSED encommon/utils/stdout.py::encommon.utils.stdout.kvpair_ansi 
encommon/utils/stdout.py::encommon.utils.stdout.make_ansi 
[gw1] [ 58%] PASSED encommon/utils/stdout.py::encommon.utils.stdout.make_ansi 
encommon/utils/test/test_match.py::mypy 
[gw1] [ 59%] PASSED encommon/utils/test/test_match.py::mypy 
encommon/utils/test/test_paths.py::mypy 
[gw1] [ 59%] PASSED encommon/utils/test/test_paths.py::mypy 
encommon/utils/test/test_sample.py::mypy 
[gw1] [ 59%] PASSED encommon/utils/test/test_sample.py::mypy 
encommon/utils/test/test_stdout.py::mypy 
[gw1] [ 59%] PASSED encommon/utils/test/test_stdout.py::mypy 
encommon/webkit/__init__.py::mypy 
[gw1] [ 60%] PASSED encommon/webkit/__init__.py::mypy 
encommon/webkit/test/test_color.py::mypy 
[gw1] [ 60%] PASSED encommon/webkit/test/test_color.py::mypy 
encommon/webkit/test/__init__.py::mypy 
[gw1] [ 60%] FAILED encommon/webkit/test/__init__.py::mypy 
encommon/webkit/content.py::mypy 
[gw1] [ 60%] PASSED encommon/webkit/content.py::mypy 
encommon/webkit/test/conftest.py::mypy 
[gw1] [ 61%] PASSED encommon/webkit/test/conftest.py::mypy 
encommon/webkit/test/test_content.py::mypy 
[gw1] [ 61%] PASSED encommon/webkit/test/test_content.py::mypy 
encommon/webkit/test/test_datagrid.py::mypy 
[gw1] [ 61%] PASSED encommon/webkit/test/test_datagrid.py::mypy 
encommon/webkit/test/test_datetime.py::mypy 
[gw1] [ 61%] PASSED encommon/webkit/test/test_datetime.py::mypy 
encommon/webkit/test/test_default.py::mypy 
[gw1] [ 62%] PASSED encommon/webkit/test/test_default.py::mypy 
encommon/webkit/test/test_duration.py::mypy 
[gw1] [ 62%] PASSED encommon/webkit/test/test_duration.py::mypy 
encommon/webkit/test/test_helpers.py::mypy 
[gw1] [ 62%] PASSED encommon/webkit/test/test_helpers.py::mypy 
encommon/webkit/test/test_image.py::mypy 
[gw1] [ 62%] PASSED encommon/webkit/test/test_image.py::mypy 
encommon/webkit/test/test_message.py::mypy 
[gw1] [ 63%] PASSED encommon/webkit/test/test_message.py::mypy 
encommon/webkit/test/test_moderate.py::mypy 
[gw1] [ 63%] PASSED encommon/webkit/test/test_moderate.py::mypy 
encommon/webkit/test/test_numeric.py::mypy 
[gw1] [ 63%] PASSED encommon/webkit/test/test_numeric.py::mypy 
encommon/webkit/test/test_statate.py::mypy 
[gw1] [ 63%] PASSED encommon/webkit/test/test_statate.py::mypy 
encommon/webkit/test/test_tagues.py::mypy 
[gw1] [ 64%] PASSED encommon/webkit/test/test_tagues.py::mypy 
encommon/types/test/test_classes.py::test_lattrs 
[gw1] [ 64%] PASSED encommon/types/test/test_classes.py::test_lattrs 
encommon/types/test/test_classes.py::test_clsname 
[gw1] [ 64%] PASSED encommon/types/test/test_classes.py::test_clsname 
encommon/types/test/test_classes.py::test_BaseModel 
[gw1] [ 64%] PASSED encommon/types/test/test_classes.py::test_BaseModel 
encommon/webkit/test/test_image.py::test_image 
[gw1] [ 65%] PASSED encommon/webkit/test/test_image.py::test_image 
[gw0] [ 65%] PASSED encommon/webkit/test/test_message.py::test_message 
[gw2] [ 65%] PASSED encommon/webkit/test/test_duration.py::test_duration 
[gw3] [ 65%] PASSED encommon/webkit/test/test_helpers.py::test_helpers_loads 
encommon/types/test/test_dicts.py::test_sort_dict 
[gw0] [ 66%] PASSED encommon/types/test/test_dicts.py::test_sort_dict 
encommon/types/test/test_dicts.py::test_merge_dicts 
encommon/config/test/test_utils.py::test_config_paths 
[gw0] [ 66%] PASSED encommon/types/test/test_dicts.py::test_merge_dicts 
[gw2] [ 66%] PASSED encommon/config/test/test_utils.py::test_config_paths 
encommon/webkit/test/test_helpers.py::test_helpers_istime 
encommon/types/test/test_lists.py::test_fuzzy_list 
[gw0] [ 66%] PASSED encommon/types/test/test_lists.py::test_fuzzy_list 
encommon/types/test/test_lists.py::test_inlist 
[gw0] [ 67%] PASSED encommon/types/test/test_lists.py::test_inlist 
encommon/config/test/test_utils.py::test_config_path 
[gw2] [ 67%] PASSED encommon/config/test/test_utils.py::test_config_path 
encommon/types/test/test_lists.py::test_dedup_list 
[gw0] [ 67%] PASSED encommon/types/test/test_lists.py::test_dedup_list 
encommon/config/test/test_utils.py::test_config_load 
encommon/utils/test/test_match.py::test_fuzz_match 
encommon/types/test/test_strings.py::test_inrepr 
[gw0] [ 67%] PASSED encommon/types/test/test_strings.py::test_inrepr 
encommon/types/test/test_strings.py::test_rplstr 
[gw0] [ 68%] PASSED encommon/types/test/test_strings.py::test_rplstr 
[gw1] [ 68%] PASSED encommon/utils/test/test_match.py::test_fuzz_match 
encommon/types/test/test_strings.py::test_strplwr 
[gw0] [ 68%] PASSED encommon/types/test/test_strings.py::test_strplwr 
encommon/utils/test/test_match.py::test_rgxp_match 
encommon/types/test/test_strings.py::test_hasstr 
[gw0] [ 68%] PASSED encommon/types/test/test_strings.py::test_hasstr 
[gw1] [ 69%] PASSED encommon/utils/test/test_match.py::test_rgxp_match 
encommon/utils/test/test_stdout.py::test_strip_ansi 
[gw2] [ 69%] PASSED encommon/config/test/test_utils.py::test_config_load 
encommon/utils/test/test_files.py::test_readsave_text 
encommon/types/test/test_strings.py::test_instr 
[gw0] [ 69%] PASSED encommon/types/test/test_strings.py::test_instr 
[gw1] [ 69%] PASSED encommon/utils/test/test_stdout.py::test_strip_ansi 
encommon/utils/test/test_stdout.py::test_array_ansi_cover 
[gw1] [ 70%] PASSED encommon/utils/test/test_stdout.py::test_array_ansi_cover 
encommon/utils/test/test_stdout.py::test_print_ansi 
[gw2] [ 70%] PASSED encommon/utils/test/test_files.py::test_readsave_text 
encommon/utils/test/test_files.py::test_append_text 
encommon/times/test/test_unitime.py::test_unitime 
[gw0] [ 70%] PASSED encommon/times/test/test_unitime.py::test_unitime 
encommon/webkit/test/test_tagues.py::test_tagues 
[gw1] [ 70%] PASSED encommon/utils/test/test_stdout.py::test_print_ansi 
[gw2] [ 71%] PASSED encommon/utils/test/test_files.py::test_append_text 
encommon/config/test/test_config.py::test_Config 
encommon/utils/test/test_stdout.py::test_array_ansi 
[gw1] [ 71%] PASSED encommon/utils/test/test_stdout.py::test_array_ansi 
encommon/utils/test/test_stdout.py::test_make_ansi 
[gw1] [ 71%] PASSED encommon/utils/test/test_stdout.py::test_make_ansi 
encommon/utils/test/test_stdout.py::test_kvpair_ansi 
[gw1] [ 71%] PASSED encommon/utils/test/test_stdout.py::test_kvpair_ansi 
encommon/webkit/test/test_datetime.py::test_datestamp 
[gw2] [ 72%] PASSED encommon/config/test/test_config.py::test_Config 
encommon/config/test/test_config.py::test_Config_jinja2 
[gw2] [ 72%] PASSED encommon/config/test/test_config.py::test_Config_jinja2 
encommon/config/test/test_config.py::test_Config_cover 
[gw2] [ 72%] PASSED encommon/config/test/test_config.py::test_Config_cover 
encommon/webkit/test/test_statate.py::test_statate 
[gw0] [ 72%] PASSED encommon/webkit/test/test_tagues.py::test_tagues 
[gw3] [ 73%] PASSED encommon/webkit/test/test_helpers.py::test_helpers_istime 
encommon/parse/test/test_network.py::test_insubnet_ip 
[gw0] [ 73%] PASSED encommon/parse/test/test_network.py::test_insubnet_ip 
encommon/parse/test/test_network.py::test_Network_ipv4 
encommon/webkit/test/test_helpers.py::test_helpers_isstr 
[gw0] [ 73%] PASSED encommon/parse/test/test_network.py::test_Network_ipv4 
encommon/parse/test/test_network.py::test_isvalid_ip 
[gw0] [ 73%] PASSED encommon/parse/test/test_network.py::test_isvalid_ip 
encommon/parse/test/test_network.py::test_Network 
[gw0] [ 74%] PASSED encommon/parse/test/test_network.py::test_Network 
encommon/times/test/test_utils.py::test_strptime 
[gw0] [ 74%] PASSED encommon/times/test/test_utils.py::test_strptime 
encommon/times/test/test_utils.py::test_findtz_raises 
[gw0] [ 74%] PASSED encommon/times/test/test_utils.py::test_findtz_raises 
encommon/webkit/test/test_moderate.py::test_moderate 
[gw2] [ 74%] PASSED encommon/webkit/test/test_statate.py::test_statate 
[gw1] [ 75%] PASSED encommon/webkit/test/test_datetime.py::test_datestamp 
encommon/webkit/test/test_numeric.py::test_numeric 
encommon/times/test/test_utils.py::test_utcdatetime 
[gw1] [ 75%] PASSED encommon/times/test/test_utils.py::test_utcdatetime 
encommon/times/test/test_utils.py::test_findtz 
[gw1] [ 75%] PASSED encommon/times/test/test_utils.py::test_findtz 
encommon/times/test/test_utils.py::test_strptime_raises 
[gw1] [ 75%] PASSED encommon/times/test/test_utils.py::test_strptime_raises 
encommon/parse/test/test_jinja2.py::test_Jinja2_parse[value4-expect4] 
[gw1] [ 76%] PASSED encommon/parse/test/test_jinja2.py::test_Jinja2_parse[value4-expect4] 
encommon/parse/test/test_jinja2.py::test_Jinja2_parse[{{ "-01" }}--01] 
[gw1] [ 76%] PASSED encommon/parse/test/test_jinja2.py::test_Jinja2_parse[{{ "-01" }}--01] 
encommon/parse/test/test_jinja2.py::test_Jinja2_parse[1.0.0-1.0.0] 
[gw1] [ 76%] PASSED encommon/parse/test/test_jinja2.py::test_Jinja2_parse[1.0.0-1.0.0] 
encommon/parse/test/test_jinja2.py::test_Jinja2_parse[{{ "1" | float }}-1.0] 
[gw1] [ 76%] PASSED encommon/parse/test/test_jinja2.py::test_Jinja2_parse[{{ "1" | float }}-1.0] 
encommon/parse/test/test_jinja2.py::test_Jinja2_literal[{{ -1.2 }}--1.2] 
[gw1] [ 77%] PASSED encommon/parse/test/test_jinja2.py::test_Jinja2_literal[{{ -1.2 }}--1.2] 
encommon/parse/test/test_jinja2.py::test_Jinja2 
[gw1] [ 77%] PASSED encommon/parse/test/test_jinja2.py::test_Jinja2 
encommon/parse/test/test_jinja2.py::test_Jinja2_literal[{{ none }}-None] 
[gw1] [ 77%] PASSED encommon/parse/test/test_jinja2.py::test_Jinja2_literal[{{ none }}-None] 
encommon/parse/test/test_jinja2.py::test_Jinja2_parse[{{ 0 | Time }}-1970-01-01T00:00:00.000000+0000] 
[gw1] [ 77%] PASSED encommon/parse/test/test_jinja2.py::test_Jinja2_parse[{{ 0 | Time }}-1970-01-01T00:00:00.000000+0000] 
encommon/parse/test/test_jinja2.py::test_Jinja2_parse[100000-100000_0] 
[gw1] [ 78%] PASSED encommon/parse/test/test_jinja2.py::test_Jinja2_parse[100000-100000_0] 
encommon/parse/test/test_jinja2.py::test_Jinja2_literal[{{ 123 }}-123] 
[gw1] [ 78%] PASSED encommon/parse/test/test_jinja2.py::test_Jinja2_literal[{{ 123 }}-123] 
encommon/parse/test/test_jinja2.py::test_Jinja2_parse[01-01] 
[gw1] [ 78%] PASSED encommon/parse/test/test_jinja2.py::test_Jinja2_parse[01-01] 
encommon/parse/test/test_jinja2.py::test_Jinja2_parse[10.001-10.001_0] 
[gw1] [ 78%] PASSED encommon/parse/test/test_jinja2.py::test_Jinja2_parse[10.001-10.001_0] 
encommon/parse/test/test_jinja2.py::test_Jinja2_parse[[1, 2]-expect15] 
[gw1] [ 79%] PASSED encommon/parse/test/test_jinja2.py::test_Jinja2_parse[[1, 2]-expect15] 
encommon/parse/test/test_jinja2.py::test_Jinja2_recurse 
[gw1] [ 79%] PASSED encommon/parse/test/test_jinja2.py::test_Jinja2_recurse 
encommon/parse/test/test_jinja2.py::test_Jinja2_parse[value14-expect14] 
[gw1] [ 79%] PASSED encommon/parse/test/test_jinja2.py::test_Jinja2_parse[value14-expect14] 
encommon/parse/test/test_jinja2.py::test_Jinja2_parse[-01--01] 
[gw1] [ 79%] PASSED encommon/parse/test/test_jinja2.py::test_Jinja2_parse[-01--01] 
encommon/parse/test/test_jinja2.py::test_Jinja2_parse[1-1] 
[gw1] [ 80%] PASSED encommon/parse/test/test_jinja2.py::test_Jinja2_parse[1-1] 
encommon/parse/test/test_jinja2.py::test_Jinja2_cover 
[gw1] [ 80%] PASSED encommon/parse/test/test_jinja2.py::test_Jinja2_cover 
encommon/parse/test/test_jinja2.py::test_Jinja2_parse[foo-foo] 
[gw1] [ 80%] PASSED encommon/parse/test/test_jinja2.py::test_Jinja2_parse[foo-foo] 
encommon/parse/test/test_jinja2.py::test_Jinja2_parse[{'a': 'b'}-expect5] 
[gw1] [ 80%] PASSED encommon/parse/test/test_jinja2.py::test_Jinja2_parse[{'a': 'b'}-expect5] 
encommon/parse/test/test_jinja2.py::test_Jinja2_parse[1.0-1.0] 
[gw1] [ 81%] PASSED encommon/parse/test/test_jinja2.py::test_Jinja2_parse[1.0-1.0] 
encommon/parse/test/test_jinja2.py::test_Jinja2_parse[{{ "01" }}-01] 
[gw1] [ 81%] PASSED encommon/parse/test/test_jinja2.py::test_Jinja2_parse[{{ "01" }}-01] 
encommon/parse/test/test_jinja2.py::test_Jinja2_parse[100000-100000_1] 
[gw1] [ 81%] PASSED encommon/parse/test/test_jinja2.py::test_Jinja2_parse[100000-100000_1] 
encommon/parse/test/test_jinja2.py::test_Jinja2_literal[{{ 1.2 }}-1.2] 
[gw1] [ 81%] PASSED encommon/parse/test/test_jinja2.py::test_Jinja2_literal[{{ 1.2 }}-1.2] 
encommon/parse/test/test_jinja2.py::test_Jinja2_parse[{{ 1 }}-1] 
[gw1] [ 82%] PASSED encommon/parse/test/test_jinja2.py::test_Jinja2_parse[{{ 1 }}-1] 
encommon/parse/test/test_jinja2.py::test_Jinja2_parse[10.001-10.001_1] 
[gw1] [ 82%] PASSED encommon/parse/test/test_jinja2.py::test_Jinja2_parse[10.001-10.001_1] 
encommon/webkit/test/test_color.py::test_colordiv 
[gw3] [ 82%] PASSED encommon/webkit/test/test_helpers.py::test_helpers_isstr 
encommon/webkit/test/test_helpers.py::test_helpers_isnode 
[gw0] [ 82%] PASSED encommon/webkit/test/test_moderate.py::test_moderate 
encommon/parse/test/test_jinja2.py::test_Jinja2_parse[{{ "1" | int }}-1] 
[gw2] [ 83%] PASSED encommon/webkit/test/test_numeric.py::test_numeric 
[gw0] [ 83%] PASSED encommon/parse/test/test_jinja2.py::test_Jinja2_parse[{{ "1" | int }}-1] 
encommon/webkit/test/test_datagrid.py::test_datagrid 
encommon/webkit/test/test_numeric.py::test_numeric_bytes 
[gw1] [ 83%] PASSED encommon/webkit/test/test_color.py::test_colordiv 
encommon/types/test/test_empty.py::test_EmptyType 
[gw1] [ 83%] PASSED encommon/types/test/test_empty.py::test_EmptyType 
encommon/webkit/test/test_default.py::test_default_prop 
[gw3] [ 84%] PASSED encommon/webkit/test/test_helpers.py::test_helpers_isnode 
encommon/webkit/test/test_helpers.py::test_helpers_dumps 
[gw0] [ 84%] PASSED encommon/webkit/test/test_datagrid.py::test_datagrid 
[gw2] [ 84%] PASSED encommon/webkit/test/test_numeric.py::test_numeric_bytes 
encommon/webkit/test/test_default.py::test_default_content 
encommon/webkit/test/test_numeric.py::test_numeric_count 
[gw1] [ 84%] PASSED encommon/webkit/test/test_default.py::test_default_prop 
encommon/webkit/test/test_default.py::test_default_addClass 
[gw2] [ 85%] PASSED encommon/webkit/test/test_numeric.py::test_numeric_count 
[gw3] [ 85%] PASSED encommon/webkit/test/test_helpers.py::test_helpers_dumps 
[gw0] [ 85%] PASSED encommon/webkit/test/test_default.py::test_default_content 
encommon/colors/test/test_color.py::test_Color_xyz[800080-expect10] 
encommon/webkit/test/test_helpers.py::test_helpers_isbool 
[gw2] [ 85%] PASSED encommon/colors/test/test_color.py::test_Color_xyz[800080-expect10] 
encommon/colors/test/test_color.py::test_Color_xy[ffffff-expect1] 
[gw2] [ 86%] PASSED encommon/colors/test/test_color.py::test_Color_xy[ffffff-expect1] 
encommon/colors/test/test_color.py::test_Color_xyz[0000ff-expect5] 
[gw2] [ 86%] PASSED encommon/colors/test/test_color.py::test_Color_xyz[0000ff-expect5] 
encommon/colors/test/test_color.py::test_Color_xyz[ff0000-expect3] 
[gw2] [ 86%] PASSED encommon/colors/test/test_color.py::test_Color_xyz[ff0000-expect3] 
encommon/colors/test/test_color.py::test_Color_rgb[ffffff-expect1] 
[gw2] [ 86%] PASSED encommon/colors/test/test_color.py::test_Color_rgb[ffffff-expect1] 
encommon/colors/test/test_color.py::test_Color_hsl[0000ff-expect5] 
[gw2] [ 87%] PASSED encommon/colors/test/test_color.py::test_Color_hsl[0000ff-expect5] 
encommon/colors/test/test_color.py::test_Color_xy[ff00cc-expect0] 
[gw2] [ 87%] PASSED encommon/colors/test/test_color.py::test_Color_xy[ff00cc-expect0] 
encommon/colors/test/test_color.py::test_Color_rgb[000000-expect2] 
[gw2] [ 87%] PASSED encommon/colors/test/test_color.py::test_Color_rgb[000000-expect2] 
encommon/colors/test/test_color.py::test_Color_xyz[ff00ff-expect9] 
[gw2] [ 87%] PASSED encommon/colors/test/test_color.py::test_Color_xyz[ff00ff-expect9] 
encommon/colors/test/test_color.py::test_Color_xy[ff00ff-expect9] 
[gw2] [ 88%] PASSED encommon/colors/test/test_color.py::test_Color_xy[ff00ff-expect9] 
encommon/colors/test/test_color.py::test_Color_rgb[800080-expect10] 
[gw2] [ 88%] PASSED encommon/colors/test/test_color.py::test_Color_rgb[800080-expect10] 
encommon/colors/test/test_color.py::test_Color_rgb[ff00cc-expect0] 
[gw2] [ 88%] PASSED encommon/colors/test/test_color.py::test_Color_rgb[ff00cc-expect0] 
encommon/colors/test/test_color.py::test_Color_rgb[ff0000-expect3] 
[gw2] [ 88%] PASSED encommon/colors/test/test_color.py::test_Color_rgb[ff0000-expect3] 
encommon/colors/test/test_color.py::test_Color_xy[800080-expect10] 
[gw2] [ 89%] PASSED encommon/colors/test/test_color.py::test_Color_xy[800080-expect10] 
encommon/colors/test/test_color.py::test_Color_hsl[ff00ff-expect9] 
[gw2] [ 89%] PASSED encommon/colors/test/test_color.py::test_Color_hsl[ff00ff-expect9] 
encommon/colors/test/test_color.py::test_Color_hsl[ff0000-expect3] 
[gw2] [ 89%] PASSED encommon/colors/test/test_color.py::test_Color_hsl[ff0000-expect3] 
encommon/colors/test/test_color.py::test_Color_xy[00ff00-expect4] 
[gw2] [ 89%] PASSED encommon/colors/test/test_color.py::test_Color_xy[00ff00-expect4] 
encommon/colors/test/test_color.py::test_Color_xyz[ffff00-expect7] 
[gw2] [ 90%] PASSED encommon/colors/test/test_color.py::test_Color_xyz[ffff00-expect7] 
encommon/webkit/test/test_default.py::test_default_showhide 
[gw1] [ 90%] PASSED encommon/webkit/test/test_default.py::test_default_addClass 
encommon/webkit/test/test_default.py::test_default_remClass 
[gw3] [ 90%] PASSED encommon/webkit/test/test_helpers.py::test_helpers_isbool 
encommon/webkit/test/test_helpers.py::test_helpers_whenready 
[gw2] [ 90%] PASSED encommon/webkit/test/test_default.py::test_default_showhide 
encommon/webkit/test/test_default.py::test_default_create 
encommon/webkit/test/test_default.py::test_default_attr 
[gw1] [ 91%] PASSED encommon/webkit/test/test_default.py::test_default_remClass 
encommon/webkit/test/test_default.py::test_default_styles 
[gw3] [ 91%] PASSED encommon/webkit/test/test_helpers.py::test_helpers_whenready 
encommon/webkit/test/test_helpers.py::test_helpers_isnum 
[gw2] [ 91%] PASSED encommon/webkit/test/test_default.py::test_default_create 
[gw0] [ 91%] PASSED encommon/webkit/test/test_default.py::test_default_attr 
encommon/webkit/test/test_default.py::test_default_append 
encommon/webkit/test/test_default.py::test_default_replace 
[gw1] [ 92%] PASSED encommon/webkit/test/test_default.py::test_default_styles 
[gw3] [ 92%] PASSED encommon/webkit/test/test_helpers.py::test_helpers_isnum 
encommon/webkit/test/test_helpers.py::test_helpers_isdict 
[gw2] [ 92%] PASSED encommon/webkit/test/test_default.py::test_default_append 
[gw0] [ 92%] PASSED encommon/webkit/test/test_default.py::test_default_replace 
[gw3] [ 93%] PASSED encommon/webkit/test/test_helpers.py::test_helpers_isdict 
encommon/webkit/test/test_helpers.py::test_helpers_istrue 
[gw3] [ 93%] PASSED encommon/webkit/test/test_helpers.py::test_helpers_istrue 
encommon/webkit/test/test_helpers.py::test_helpers_islist 
[gw3] [ 93%] PASSED encommon/webkit/test/test_helpers.py::test_helpers_islist 
encommon/webkit/test/test_helpers.py::test_helpers_isnull 
[gw3] [ 93%] PASSED encommon/webkit/test/test_helpers.py::test_helpers_isnull 
encommon/webkit/test/test_helpers.py::test_helpers_assert 
[gw3] [ 94%] PASSED encommon/webkit/test/test_helpers.py::test_helpers_assert 
encommon/webkit/test/test_helpers.py::test_helpers_isempty 
[gw3] [ 94%] PASSED encommon/webkit/test/test_helpers.py::test_helpers_isempty 
encommon/webkit/test/test_helpers.py::test_helpers_isfalse 
[gw3] [ 94%] PASSED encommon/webkit/test/test_helpers.py::test_helpers_isfalse 
encommon/webkit/test/test_helpers.py::test_helpers_isquery 
[gw3] [ 94%] PASSED encommon/webkit/test/test_helpers.py::test_helpers_isquery 
encommon/times/test/test_window.py::test_window_interval[window10-3661-False-expect10] 
[gw3] [ 95%] PASSED encommon/times/test/test_window.py::test_window_interval[window10-3661-False-expect10] 
encommon/times/test/test_window.py::test_Window_cover 
[gw3] [ 95%] PASSED encommon/times/test/test_window.py::test_Window_cover 
encommon/times/test/test_window.py::test_window_croniter[0 * * * *-3660-False-expect9] 
[gw3] [ 95%] PASSED encommon/times/test/test_window.py::test_window_croniter[0 * * * *-3660-False-expect9] 
encommon/times/test/test_window.py::test_window_croniter[* * * * *-3659-False-expect5] 
[gw3] [ 95%] PASSED encommon/times/test/test_window.py::test_window_croniter[* * * * *-3659-False-expect5] 
encommon/times/test/test_window.py::test_window_croniter[* * * * *-3559-False-expect4] 
[gw3] [ 96%] PASSED encommon/times/test/test_window.py::test_window_croniter[* * * * *-3559-False-expect4] 
encommon/times/test/test_window.py::test_window_interval[window9-3660-False-expect9] 
[gw3] [ 96%] PASSED encommon/times/test/test_window.py::test_window_interval[window9-3660-False-expect9] 
encommon/times/test/test_window.py::test_window_croniter[* * * * *-0-True-expect2] 
[gw3] [ 96%] PASSED encommon/times/test/test_window.py::test_window_croniter[* * * * *-0-True-expect2] 
encommon/times/test/test_window.py::test_window_interval[window6-3660-False-expect6] 
[gw3] [ 96%] PASSED encommon/times/test/test_window.py::test_window_interval[window6-3660-False-expect6] 
encommon/times/test/test_window.py::test_window_croniter[* * * * *-3660-False-expect6] 
[gw3] [ 97%] PASSED encommon/times/test/test_window.py::test_window_croniter[* * * * *-3660-False-expect6] 
encommon/times/test/test_window.py::test_window_interval[window1-1-False-expect1] 
[gw3] [ 97%] PASSED encommon/times/test/test_window.py::test_window_interval[window1-1-False-expect1] 
encommon/times/test/test_window.py::test_window_croniter[* * * * *-1-True-expect3] 
[gw3] [ 97%] PASSED encommon/times/test/test_window.py::test_window_croniter[* * * * *-1-True-expect3] 
encommon/times/test/test_window.py::test_window_interval[window7-3661-False-expect7] 
[gw3] [ 97%] PASSED encommon/times/test/test_window.py::test_window_interval[window7-3661-False-expect7] 
encommon/times/test/test_window.py::test_Window 
[gw3] [ 98%] PASSED encommon/times/test/test_window.py::test_Window 
encommon/times/test/test_window.py::test_window_croniter[0 * * * *-3661-False-expect10] 
[gw3] [ 98%] PASSED encommon/times/test/test_window.py::test_window_croniter[0 * * * *-3661-False-expect10] 
encommon/times/test/test_window.py::test_window_croniter[* * * * *-3661-False-expect7] 
[gw3] [ 98%] PASSED encommon/times/test/test_window.py::test_window_croniter[* * * * *-3661-False-expect7] 
encommon/times/test/test_window.py::test_window_interval[window0-0-False-expect0] 
[gw3] [ 98%] PASSED encommon/times/test/test_window.py::test_window_interval[window0-0-False-expect0] 
encommon/times/test/test_window.py::test_window_interval[window4-3559-False-expect4] 
[gw3] [ 99%] PASSED encommon/times/test/test_window.py::test_window_interval[window4-3559-False-expect4] 
encommon/times/test/test_window.py::test_window_interval[window2-0-True-expect2] 
[gw3] [ 99%] PASSED encommon/times/test/test_window.py::test_window_interval[window2-0-True-expect2] 
encommon/times/test/test_window.py::test_window_interval[window5-3659-False-expect5] 
[gw3] [ 99%] PASSED encommon/times/test/test_window.py::test_window_interval[window5-3659-False-expect5] 
encommon/times/test/test_window.py::test_window_croniter[* * * * *-1-False-expect1] 
[gw3] [100%] PASSED encommon/times/test/test_window.py::test_window_croniter[* * * * *-1-False-expect1] 

==================================== ERRORS ====================================
_____________ ERROR collecting encommon/types/test/test_notate.py ______________
encommon/types/test/test_notate.py:13: in <module>
    from _pytest.python_api import RaisesContext
E   ImportError: cannot import name 'RaisesContext' from '_pytest.python_api' (/home/runner/work/encommon/encommon/main/.venv-package/lib/python3.12/site-packages/_pytest/python_api.py)
_____________ ERROR collecting encommon/types/test/test_notate.py ______________
encommon/types/test/test_notate.py:13: in <module>
    from _pytest.python_api import RaisesContext
E   ImportError: cannot import name 'RaisesContext' from '_pytest.python_api' (/home/runner/work/encommon/encommon/main/.venv-package/lib/python3.12/site-packages/_pytest/python_api.py)
_____________ ERROR collecting encommon/types/test/test_notate.py ______________
encommon/types/test/test_notate.py:13: in <module>
    from _pytest.python_api import RaisesContext
E   ImportError: cannot import name 'RaisesContext' from '_pytest.python_api' (/home/runner/work/encommon/encommon/main/.venv-package/lib/python3.12/site-packages/_pytest/python_api.py)
_____________ ERROR collecting encommon/types/test/test_notate.py ______________
encommon/types/test/test_notate.py:13: in <module>
    from _pytest.python_api import RaisesContext
E   ImportError: cannot import name 'RaisesContext' from '_pytest.python_api' (/home/runner/work/encommon/encommon/main/.venv-package/lib/python3.12/site-packages/_pytest/python_api.py)
_____________ ERROR collecting encommon/types/test/test_notate.py ______________
ImportError while importing test module '/home/runner/work/encommon/encommon/main/encommon/types/test/test_notate.py'.
Hint: make sure your test modules/packages have valid Python names.
Traceback:
/opt/hostedtoolcache/Python/3.12.10/x64/lib/python3.12/importlib/__init__.py:90: in import_module
    return _bootstrap._gcd_import(name[level:], package, level)
           ^^^^^^^^^^^^^^^^^^^^^^^^^^^^^^^^^^^^^^^^^^^^^^^^^^^^
encommon/types/test/test_notate.py:13: in <module>
    from _pytest.python_api import RaisesContext
E   ImportError: cannot import name 'RaisesContext' from '_pytest.python_api' (/home/runner/work/encommon/encommon/main/.venv-package/lib/python3.12/site-packages/_pytest/python_api.py)
=================================== FAILURES ===================================
_________________________________ test session _________________________________
[gw1] linux -- Python 3.12.10 /home/runner/work/encommon/encommon/main/.venv-package/bin/python3
mypy exited with status 1.
------------------------------ Captured log call -------------------------------
DEBUG    filelock:_api.py:331 Attempting to acquire lock 139973153522944 on /tmp/tmp6wf4n17t.lock
DEBUG    filelock:_api.py:334 Lock 139973153522944 acquired on /tmp/tmp6wf4n17t.lock
DEBUG    filelock:_api.py:364 Attempting to release lock 139973153522944 on /tmp/tmp6wf4n17t.lock
DEBUG    filelock:_api.py:367 Lock 139973153522944 released on /tmp/tmp6wf4n17t.lock
__________________ [mypy] encommon/types/test/test_notate.py ___________________
[gw1] linux -- Python 3.12.10 /home/runner/work/encommon/encommon/main/.venv-package/bin/python3
13: error: Module "_pytest.python_api" has no attribute "RaisesContext"  [attr-defined]
------------------------------ Captured log call -------------------------------
DEBUG    filelock:_api.py:331 Attempting to acquire lock 139973154232880 on /tmp/tmp6wf4n17t.lock
DEBUG    filelock:_api.py:334 Lock 139973154232880 acquired on /tmp/tmp6wf4n17t.lock
DEBUG    filelock:_api.py:364 Attempting to release lock 139973154232880 on /tmp/tmp6wf4n17t.lock
DEBUG    filelock:_api.py:367 Lock 139973154232880 released on /tmp/tmp6wf4n17t.lock
___________________ [mypy] encommon/webkit/test/__init__.py ____________________
[gw1] linux -- Python 3.12.10 /home/runner/work/encommon/encommon/main/.venv-package/bin/python3
36: error: Unused "type: ignore" comment  [unused-ignore]
------------------------------ Captured log call -------------------------------
DEBUG    filelock:_api.py:331 Attempting to acquire lock 139973155840864 on /tmp/tmp6wf4n17t.lock
DEBUG    filelock:_api.py:334 Lock 139973155840864 acquired on /tmp/tmp6wf4n17t.lock
DEBUG    filelock:_api.py:364 Attempting to release lock 139973155840864 on /tmp/tmp6wf4n17t.lock
DEBUG    filelock:_api.py:367 Lock 139973155840864 released on /tmp/tmp6wf4n17t.lock
===================================== mypy =====================================
Found 2 errors in 2 files (checked 102 source files)
================================ tests coverage ================================
_______________ coverage: platform linux, python 3.12.10-final-0 _______________

Name                                    Stmts   Miss  Cover
-----------------------------------------------------------
encommon/__init__.py                        5      0   100%
encommon/colors/__init__.py                 2      0   100%
encommon/colors/color.py                  186      0   100%
encommon/colors/test/__init__.py            0      0   100%
encommon/colors/test/test_color.py         50      0   100%
encommon/config/__init__.py                14      0   100%
encommon/config/config.py                 118      0   100%
encommon/config/files.py                   37      0   100%
encommon/config/logger.py                 194      0   100%
encommon/config/params.py                  23      0   100%
encommon/config/paths.py                   39      0   100%
encommon/config/test/__init__.py            2      0   100%
encommon/config/test/test_config.py        53      0   100%
encommon/config/test/test_files.py         33      0   100%
encommon/config/test/test_logger.py        91      0   100%
encommon/config/test/test_paths.py         41      0   100%
encommon/config/test/test_utils.py         16      0   100%
encommon/config/utils.py                   25      0   100%
encommon/conftest.py                       21      0   100%
encommon/crypts/__init__.py                 4      0   100%
encommon/crypts/crypts.py                  55      0   100%
encommon/crypts/hashes.py                  39      0   100%
encommon/crypts/params.py                  14      0   100%
encommon/crypts/test/__init__.py            0      0   100%
encommon/crypts/test/test_crypts.py        64      0   100%
encommon/crypts/test/test_hashes.py        24      0   100%
encommon/parse/__init__.py                  5      0   100%
encommon/parse/jinja2.py                  118      0   100%
encommon/parse/network.py                 123      0   100%
encommon/parse/test/__init__.py             0      0   100%
encommon/parse/test/test_jinja2.py         57      0   100%
encommon/parse/test/test_network.py        84      0   100%
encommon/times/__init__.py                 17      0   100%
encommon/times/common.py                   18      0   100%
encommon/times/duration.py                109      0   100%
encommon/times/params.py                   59      0   100%
encommon/times/parse.py                    59      0   100%
encommon/times/test/__init__.py             0      0   100%
encommon/times/test/test_duration.py       62      0   100%
encommon/times/test/test_params.py         14      0   100%
encommon/times/test/test_parse.py          73      0   100%
encommon/times/test/test_time.py           51      0   100%
encommon/times/test/test_timer.py          34      0   100%
encommon/times/test/test_timers.py         76      0   100%
encommon/times/test/test_unitime.py         7      0   100%
encommon/times/test/test_utils.py          45      0   100%
encommon/times/test/test_window.py         80      0   100%
encommon/times/test/test_windows.py        82      0   100%
encommon/times/time.py                    110      0   100%
encommon/times/timer.py                    37      0   100%
encommon/times/timers.py                  172      0   100%
encommon/times/unitime.py                  19      0   100%
encommon/times/utils.py                    33      0   100%
encommon/times/window.py                  115      0   100%
encommon/times/windows.py                 201      0   100%
encommon/types/__init__.py                 26      0   100%
encommon/types/classes.py                  16      0   100%
encommon/types/dicts.py                    21      0   100%
encommon/types/empty.py                    24      0   100%
encommon/types/funcs.py                    15      0   100%
encommon/types/lists.py                    25      0   100%
encommon/types/notate.py                  142     47    67%
encommon/types/strings.py                  19      0   100%
encommon/types/test/__init__.py            11      0   100%
encommon/types/test/test_classes.py        15      0   100%
encommon/types/test/test_dicts.py          30      0   100%
encommon/types/test/test_empty.py          23      0   100%
encommon/types/test/test_funcs.py          11      0   100%
encommon/types/test/test_lists.py          21      0   100%
encommon/types/test/test_notate.py        166    163     2%
encommon/types/test/test_strings.py        24      0   100%
encommon/types/types.py                     6      0   100%
encommon/utils/__init__.py                 18      0   100%
encommon/utils/common.py                    5      0   100%
encommon/utils/files.py                    12      0   100%
encommon/utils/match.py                    36      0   100%
encommon/utils/paths.py                    44      0   100%
encommon/utils/sample.py                   61      0   100%
encommon/utils/stdout.py                  138      0   100%
encommon/utils/test/__init__.py             0      0   100%
encommon/utils/test/test_files.py          15      0   100%
encommon/utils/test/test_match.py          19      0   100%
encommon/utils/test/test_paths.py          21      0   100%
encommon/utils/test/test_sample.py         46      0   100%
encommon/utils/test/test_stdout.py         53      0   100%
encommon/webkit/__init__.py                 2      0   100%
encommon/webkit/content.py                 25      0   100%
encommon/webkit/test/__init__.py            6      0   100%
encommon/webkit/test/conftest.py           16      0   100%
encommon/webkit/test/test_color.py          7      0   100%
encommon/webkit/test/test_content.py       23      0   100%
encommon/webkit/test/test_datagrid.py       9      0   100%
encommon/webkit/test/test_datetime.py       7      0   100%
encommon/webkit/test/test_default.py       66      0   100%
encommon/webkit/test/test_duration.py       7      0   100%
encommon/webkit/test/test_helpers.py       78      0   100%
encommon/webkit/test/test_image.py          7      0   100%
encommon/webkit/test/test_message.py        7      0   100%
encommon/webkit/test/test_moderate.py       7      0   100%
encommon/webkit/test/test_numeric.py       22      0   100%
encommon/webkit/test/test_statate.py        7      0   100%
encommon/webkit/test/test_tagues.py         7      0   100%
-----------------------------------------------------------
TOTAL                                    4376    210    95%
=========================== short test summary info ============================
FAILED encommon/__init__.py::mypy-status
FAILED encommon/types/test/test_notate.py::mypy
FAILED encommon/webkit/test/__init__.py::mypy
ERROR encommon/types/test/test_notate.py - ImportError: cannot import name 'RaisesContext' from '_pytest.python_api' (/home/runner/work/encommon/encommon/main/.venv-package/lib/python3.12/site-packages/_pytest/python_api.py)
ERROR encommon/types/test/test_notate.py - ImportError: cannot import name 'RaisesContext' from '_pytest.python_api' (/home/runner/work/encommon/encommon/main/.venv-package/lib/python3.12/site-packages/_pytest/python_api.py)
ERROR encommon/types/test/test_notate.py - ImportError: cannot import name 'RaisesContext' from '_pytest.python_api' (/home/runner/work/encommon/encommon/main/.venv-package/lib/python3.12/site-packages/_pytest/python_api.py)
ERROR encommon/types/test/test_notate.py - ImportError: cannot import name 'RaisesContext' from '_pytest.python_api' (/home/runner/work/encommon/encommon/main/.venv-package/lib/python3.12/site-packages/_pytest/python_api.py)
ERROR encommon/types/test/test_notate.py
=================== 3 failed, 395 passed, 5 errors in 32.85s ===================
